<?xml version="1.0" encoding="UTF-8"?>
<testsuite xmlns:xsi="http://www.w3.org/2001/XMLSchema-instance" xsi:noNamespaceSchemaLocation="https://maven.apache.org/surefire/maven-surefire-plugin/xsd/surefire-test-report-3.0.xsd" version="3.0" name="jp.te4a.spring.boot.mybootapp3.Mybootapp3ApplicationTests" time="2.777" tests="1" errors="0" skipped="0" failures="0">
  <properties>
[...]
</properties>
  <testcase name="contextLoads" classname="jp.te4a.spring.boot.mybootapp3.Mybootapp3ApplicationTests" time="0.872">
    <system-out><![CDATA[16:06:08.853 [main] INFO org.springframework.test.context.support.AnnotationConfigContextLoaderUtils -- Could not detect default configuration classes for test class [jp.te4a.spring.boot.mybootapp3.Mybootapp3ApplicationTests]: Mybootapp3ApplicationTests does not declare any static, non-private, non-final, nested classes annotated with @Configuration.
16:06:08.989 [main] INFO org.springframework.boot.test.context.SpringBootTestContextBootstrapper -- Found @SpringBootConfiguration jp.te4a.spring.boot.mybootapp3.Mybootapp3Application for test class jp.te4a.spring.boot.mybootapp3.Mybootapp3ApplicationTests

  .   ____          _            __ _ _
 /\\ / ___'_ __ _ _(_)_ __  __ _ \ \ \ \
( ( )\___ | '_ | '_| | '_ \/ _` | \ \ \ \
 \\/  ___)| |_)| | | | | || (_| |  ) ) ) )
  '  |____| .__|_| |_|_| |_\__, | / / / /
 =========|_|==============|___/=/_/_/_/

 :: Spring Boot ::                (v3.3.3)

2024-09-05T16:06:09.446+09:00  INFO 6672 --- [mybootapp3] [           main] j.t.s.b.m.Mybootapp3ApplicationTests     : Starting Mybootapp3ApplicationTests using Java 21.0.2 with PID 6672 (started by 210458 in c:\Users\210458\OneDrive - 東北電子専門学校\デスクトップ\r06_dev\workspace\mybootapp3)
2024-09-05T16:06:09.448+09:00  INFO 6672 --- [mybootapp3] [           main] j.t.s.b.m.Mybootapp3ApplicationTests     : No active profile set, falling back to 1 default profile: "default"
2024-09-05T16:06:10.562+09:00  INFO 6672 --- [mybootapp3] [           main] j.t.s.b.m.Mybootapp3ApplicationTests     : Started Mybootapp3ApplicationTests in 1.416 seconds (process running for 2.433)
]]></system-out>
    <system-err><![CDATA[WARNING: A Java agent has been loaded dynamically (C:\Users\210458\.m2\repository\net\bytebuddy\byte-buddy-agent\1.14.19\byte-buddy-agent-1.14.19.jar)
WARNING: If a serviceability tool is in use, please run with -XX:+EnableDynamicAgentLoading to hide this warning
WARNING: If a serviceability tool is not in use, please run with -Djdk.instrument.traceUsage for more information
WARNING: Dynamic loading of agents will be disallowed by default in a future release
]]></system-err>
  </testcase>
</testsuite>